app/build/intermediates/manifest_merge_blame_file 2/debug/manifest-merger-blame-debug-report.txt
1<?xml version="1.0" encoding="utf-8"?>
2<manifest xmlns:android="http://schemas.android.com/apk/res/android"
3    package="nodomain.freeyourgadget.gadgetbridge"
4    android:versionCode="6208"
5    android:versionName="0.6208" >
6
7    <uses-sdk
8        android:minSdkVersion="26"
8-->src/main/AndroidManifest.xml
9        android:targetSdkVersion="31" />
9-->src/main/AndroidManifest.xml
10
11    <uses-permission android:name="android.permission.INTERNET" /> <!-- Used for Bluetooth access -->
11-->src/main/AndroidManifest.xml:6:5-67
11-->src/main/AndroidManifest.xml:6:22-64
12    <uses-permission
12-->src/main/AndroidManifest.xml:7:5-9:38
13        android:name="android.permission.BLUETOOTH"
13-->src/main/AndroidManifest.xml:8:9-52
14        android:maxSdkVersion="31" />
14-->src/main/AndroidManifest.xml:9:9-35
15    <uses-permission
15-->src/main/AndroidManifest.xml:10:5-12:38
16        android:name="android.permission.BLUETOOTH_CONNECT"
16-->src/main/AndroidManifest.xml:11:9-60
17        android:maxSdkVersion="31" />
17-->src/main/AndroidManifest.xml:12:9-35
18    <uses-permission
18-->src/main/AndroidManifest.xml:12:38-14:34
19        android:name="android.permission.BLUETOOTH_SCAN"
19-->src/main/AndroidManifest.xml:13:5-53
20        android:maxSdkVersion="31" />
20-->src/main/AndroidManifest.xml:14:5-31
21    <uses-permission
21-->src/main/AndroidManifest.xml:15:5-17:38
22        android:name="android.permission.BLUETOOTH_ADMIN"
22-->src/main/AndroidManifest.xml:16:9-58
23        android:maxSdkVersion="31" />
23-->src/main/AndroidManifest.xml:17:9-35
24    <uses-permission android:name="android.permission.ACCESS_COARSE_LOCATION" /> <!-- Since Android 10 -->
24-->src/main/AndroidManifest.xml:18:5-81
24-->src/main/AndroidManifest.xml:18:22-78
25    <uses-permission android:name="android.permission.ACCESS_FINE_LOCATION" />
25-->src/main/AndroidManifest.xml:19:5-79
25-->src/main/AndroidManifest.xml:19:22-76
26    <uses-permission android:name="android.permission.ACCESS_BACKGROUND_LOCATION" />
26-->src/main/AndroidManifest.xml:20:5-85
26-->src/main/AndroidManifest.xml:20:22-82
27    <uses-permission android:name="android.permission.SCHEDULE_EXACT_ALARM" />
27-->src/main/AndroidManifest.xml:21:5-79
27-->src/main/AndroidManifest.xml:21:22-76
28    <!-- <uses-permission android:name="android.permission.READ_CALL_LOG" /> -->
29    <!-- <uses-permission android:name="android.permission.READ_PHONE_STATE" /> -->
30    <!-- <uses-permission android:name="android.permission.PROCESS_OUTGOING_CALLS" /> -->
31    <!-- <uses-permission android:name="android.permission.CALL_PHONE" /> -->
32    <!-- <uses-permission android:name="android.permission.ANSWER_PHONE_CALLS" /> -->
33    <!-- <uses-permission android:name="android.permission.RECEIVE_SMS" /> -->
34    <!-- <uses-permission android:name="android.permission.SEND_SMS" /> -->
35    <!-- <uses-permission android:name="android.permission.READ_CONTACTS" /> -->
36    <uses-permission android:name="android.permission.READ_EXTERNAL_STORAGE" />
36-->src/main/AndroidManifest.xml:30:5-80
36-->src/main/AndroidManifest.xml:30:22-77
37    <!-- <uses-permission android:name="android.permission.READ_CALENDAR" /> -->
38    <uses-permission android:name="android.permission.WRITE_EXTERNAL_STORAGE" />
38-->src/main/AndroidManifest.xml:32:5-81
38-->src/main/AndroidManifest.xml:32:22-78
39    <uses-permission android:name="android.permission.MEDIA_CONTENT_CONTROL" /> <!-- Used for background service -->
39-->src/main/AndroidManifest.xml:33:5-35:47
39-->src/main/AndroidManifest.xml:34:9-64
40    <uses-permission android:name="android.permission.RECEIVE_BOOT_COMPLETED" />
40-->src/main/AndroidManifest.xml:36:5-81
40-->src/main/AndroidManifest.xml:36:22-78
41    <uses-permission android:name="android.permission.FOREGROUND_SERVICE" />
41-->src/main/AndroidManifest.xml:37:5-77
41-->src/main/AndroidManifest.xml:37:22-74
42    <uses-permission android:name="android.permission.REQUEST_COMPANION_RUN_IN_BACKGROUND" /> <!-- Used for reverse find device -->
42-->src/main/AndroidManifest.xml:38:5-94
42-->src/main/AndroidManifest.xml:38:22-91
43    <!-- <uses-permission android:name="android.permission.VIBRATE" /> -->
44    <!-- Used for weather provider access -->
45    <!-- <uses-permission android:name="cyanogenmod.permission.ACCESS_WEATHER_MANAGER" /> -->
46    <uses-permission android:name="android.permission.ACCESS_NOTIFICATION_POLICY" />
46-->src/main/AndroidManifest.xml:41:5-85
46-->src/main/AndroidManifest.xml:41:22-82
47    <!-- <uses-permission android:name="cyanogenmod.permission.READ_WEATHER" /> -->
48    <!-- <uses-permission android:name="lineageos.permission.ACCESS_WEATHER_MANAGER" /> -->
49    <!-- <uses-permission android:name="lineageos.permission.READ_WEATHER" /> -->
50    <!-- <uses-permission android:name="org.omnirom.omnijaws.READ_WEATHER" /> -->
51    <uses-permission android:name="android.permission.ACCESS_WIFI_STATE" />
51-->src/main/AndroidManifest.xml:46:5-76
51-->src/main/AndroidManifest.xml:46:22-73
52    <uses-permission android:name="android.permission.ACCESS_NETWORK_STATE" />
52-->src/main/AndroidManifest.xml:47:5-79
52-->src/main/AndroidManifest.xml:47:22-76
53    <uses-permission android:name="android.permission.REQUEST_INSTALL_PACKAGES" />
53-->src/main/AndroidManifest.xml:48:5-83
53-->src/main/AndroidManifest.xml:48:22-80
54    <uses-permission android:name="android.permission.RECORD_AUDIO" />
54-->src/main/AndroidManifest.xml:49:5-71
54-->src/main/AndroidManifest.xml:49:22-68
55    <uses-permission android:name="android.permission.MODIFY_AUDIO_SETTINGS" /> <!-- Used for reverse find device -->
55-->src/main/AndroidManifest.xml:50:5-80
55-->src/main/AndroidManifest.xml:50:22-77
56    <uses-permission android:name="android.permission.VIBRATE" /> <!-- Used for weather provider access -->
56-->src/main/AndroidManifest.xml:51:5-66
56-->src/main/AndroidManifest.xml:51:22-63
57    <!-- <uses-permission android:name="cyanogenmod.permission.ACCESS_WEATHER_MANAGER" /> -->
58    <!-- <uses-permission android:name="cyanogenmod.permission.READ_WEATHER" /> -->
59    <!-- <uses-permission android:name="lineageos.permission.ACCESS_WEATHER_MANAGER" /> -->
60    <!-- <uses-permission android:name="lineageos.permission.READ_WEATHER" /> -->
61    <!-- <uses-permission android:name="org.omnirom.omnijaws.READ_WEATHER" /> -->
62
63    <uses-feature
63-->src/main/AndroidManifest.xml:58:5-60:35
64        android:name="android.hardware.bluetooth"
64-->src/main/AndroidManifest.xml:59:9-50
65        android:required="true" />
65-->src/main/AndroidManifest.xml:60:9-32
66    <uses-feature
66-->src/main/AndroidManifest.xml:61:5-63:35
67        android:name="android.hardware.bluetooth_le"
67-->src/main/AndroidManifest.xml:62:9-53
68        android:required="true" />
68-->src/main/AndroidManifest.xml:63:9-32
69    <uses-feature
69-->src/main/AndroidManifest.xml:64:5-66:36
70        android:name="android.hardware.telephony"
70-->src/main/AndroidManifest.xml:65:9-50
71        android:required="false" />
71-->src/main/AndroidManifest.xml:66:9-33
72    <uses-feature
72-->src/main/AndroidManifest.xml:67:5-69:35
73        android:name="android.software.companion_device_setup"
73-->src/main/AndroidManifest.xml:68:9-63
74        android:required="true" />
74-->src/main/AndroidManifest.xml:69:9-32
75
76    <uses-permission android:name="android.permission.WAKE_LOCK" /> <!-- needed for aosp-derived ROMs? -->
76-->[androidx.work:work-runtime:2.7.1] AndroidManifest.xml:25:5-68
76-->[androidx.work:work-runtime:2.7.1] AndroidManifest.xml:25:22-65
77    <!-- android:requestLegacyExternalStorage="true" -->
78    <application
78-->src/main/AndroidManifest.xml:73:5-730:19
79        android:name="nodomain.freeyourgadget.gadgetbridge.GBApplication"
79-->src/main/AndroidManifest.xml:74:9-38
80        android:allowBackup="true"
80-->src/main/AndroidManifest.xml:75:9-35
81        android:appComponentFactory="androidx.core.app.CoreComponentFactory"
81-->[androidx.core:core:1.7.0] AndroidManifest.xml:24:18-86
82        android:debuggable="true"
83        android:extractNativeLibs="false"
84        android:fullBackupContent="false"
84-->src/main/AndroidManifest.xml:76:9-42
85        android:icon="@mipmap/ic_guardian_launcher_round"
85-->src/main/AndroidManifest.xml:77:9-58
86        android:label="@string/app_name"
86-->src/main/AndroidManifest.xml:78:9-41
87        android:requestLegacyExternalStorage="true"
87-->src/main/AndroidManifest.xml:79:9-52
88        android:roundIcon="@mipmap/ic_guardian_launcher_round"
88-->src/main/AndroidManifest.xml:80:9-63
89        android:supportsRtl="true"
89-->[com.github.wax911:android-emojify:0.1.7] AndroidManifest.xml:13:9-35
90        android:testOnly="true"
91        android:theme="@style/GuardianTheme"
91-->src/main/AndroidManifest.xml:81:9-45
92        android:usesCleartextTraffic="true" >
92-->src/main/AndroidManifest.xml:82:9-44
93        <activity
93-->src/main/AndroidManifest.xml:83:9-86:67
94            android:name="nodomain.freeyourgadget.gadgetbridge.GuardianCreateAccountActivity"
94-->src/main/AndroidManifest.xml:84:13-58
95            android:exported="true"
95-->src/main/AndroidManifest.xml:85:13-36
96            android:parentActivityName="nodomain.freeyourgadget.gadgetbridge.GuardianLoginActivity" />
96-->src/main/AndroidManifest.xml:86:13-64
97        <activity
97-->src/main/AndroidManifest.xml:87:9-95:20
98            android:name="nodomain.freeyourgadget.gadgetbridge.GuardianLoginActivity"
98-->src/main/AndroidManifest.xml:88:13-50
99            android:exported="true"
99-->src/main/AndroidManifest.xml:89:13-36
100            android:theme="@style/GuardianTheme.NoActionBar" >
100-->src/main/AndroidManifest.xml:90:13-61
101            <intent-filter>
101-->src/main/AndroidManifest.xml:91:13-94:29
102                <action android:name="android.intent.action.MAIN" />
102-->src/main/AndroidManifest.xml:92:17-69
102-->src/main/AndroidManifest.xml:92:25-66
103
104                <category android:name="android.intent.category.LAUNCHER" />
104-->src/main/AndroidManifest.xml:93:17-77
104-->src/main/AndroidManifest.xml:93:27-74
105            </intent-filter>
106        </activity>
107        <activity
107-->src/main/AndroidManifest.xml:96:9-105:20
108            android:name="nodomain.freeyourgadget.gadgetbridge.activities.ControlCenterv2"
108-->src/main/AndroidManifest.xml:97:13-55
109            android:exported="true"
109-->src/main/AndroidManifest.xml:100:13-36
110            android:label="@string/title_activity_controlcenter"
110-->src/main/AndroidManifest.xml:98:13-65
111            android:launchMode="singleTop"
111-->src/main/AndroidManifest.xml:99:13-43
112            android:theme="@style/SplashTheme" >
112-->src/main/AndroidManifest.xml:101:13-47
113            <intent-filter>
113-->src/main/AndroidManifest.xml:102:13-104:29
114                <category android:name="android.intent.category.DEFAULT" />
114-->src/main/AndroidManifest.xml:103:17-76
114-->src/main/AndroidManifest.xml:103:27-73
115            </intent-filter>
116        </activity>
117        <activity
117-->src/main/AndroidManifest.xml:106:9-110:72
118            android:name="nodomain.freeyourgadget.gadgetbridge.activities.SettingsActivity"
118-->src/main/AndroidManifest.xml:107:13-56
119            android:exported="false"
119-->src/main/AndroidManifest.xml:109:13-37
120            android:label="@string/title_activity_settings"
120-->src/main/AndroidManifest.xml:108:13-60
121            android:parentActivityName="nodomain.freeyourgadget.gadgetbridge.activities.ControlCenterv2" />
121-->src/main/AndroidManifest.xml:110:13-69
122        <activity
122-->src/main/AndroidManifest.xml:111:9-115:85
123            android:name="nodomain.freeyourgadget.gadgetbridge.activities.AboutUserPreferencesActivity"
123-->src/main/AndroidManifest.xml:112:13-68
124            android:exported="false"
124-->src/main/AndroidManifest.xml:114:13-37
125            android:label="@string/activity_prefs_about_you"
125-->src/main/AndroidManifest.xml:113:13-61
126            android:parentActivityName="nodomain.freeyourgadget.gadgetbridge.activities.AboutUserPreferencesActivity" />
126-->src/main/AndroidManifest.xml:115:13-82
127        <activity
127-->src/main/AndroidManifest.xml:116:9-120:89
128            android:name="nodomain.freeyourgadget.gadgetbridge.activities.charts.ChartsPreferencesActivity"
128-->src/main/AndroidManifest.xml:117:13-72
129            android:exported="false"
129-->src/main/AndroidManifest.xml:119:13-37
130            android:label="@string/activity_prefs_charts"
130-->src/main/AndroidManifest.xml:118:13-58
131            android:parentActivityName="nodomain.freeyourgadget.gadgetbridge.activities.charts.ChartsPreferencesActivity" />
131-->src/main/AndroidManifest.xml:120:13-86
132        <activity
132-->src/main/AndroidManifest.xml:121:9-125:73
133            android:name="nodomain.freeyourgadget.gadgetbridge.devices.miband.MiBandPreferencesActivity"
133-->src/main/AndroidManifest.xml:122:13-69
134            android:exported="false"
134-->src/main/AndroidManifest.xml:124:13-37
135            android:label="@string/preferences_miband_settings"
135-->src/main/AndroidManifest.xml:123:13-64
136            android:parentActivityName="nodomain.freeyourgadget.gadgetbridge.activities.SettingsActivity" />
136-->src/main/AndroidManifest.xml:125:13-70
137        <activity
137-->src/main/AndroidManifest.xml:126:9-130:73
138            android:name="nodomain.freeyourgadget.gadgetbridge.devices.zetime.ZeTimePreferenceActivity"
138-->src/main/AndroidManifest.xml:127:13-68
139            android:exported="false"
139-->src/main/AndroidManifest.xml:129:13-37
140            android:label="@string/zetime_title_settings"
140-->src/main/AndroidManifest.xml:128:13-58
141            android:parentActivityName="nodomain.freeyourgadget.gadgetbridge.activities.SettingsActivity" />
141-->src/main/AndroidManifest.xml:130:13-70
142        <activity
142-->src/main/AndroidManifest.xml:131:9-135:72
143            android:name="nodomain.freeyourgadget.gadgetbridge.activities.ActivitySummariesActivity"
143-->src/main/AndroidManifest.xml:132:13-65
144            android:exported="false"
144-->src/main/AndroidManifest.xml:134:13-37
145            android:label="@string/activity_summaries"
145-->src/main/AndroidManifest.xml:133:13-55
146            android:parentActivityName="nodomain.freeyourgadget.gadgetbridge.activities.ControlCenterv2" />
146-->src/main/AndroidManifest.xml:135:13-69
147        <activity
147-->src/main/AndroidManifest.xml:136:9-141:72
148            android:name="nodomain.freeyourgadget.gadgetbridge.activities.appmanager.AppManagerActivity"
148-->src/main/AndroidManifest.xml:137:13-69
149            android:exported="false"
149-->src/main/AndroidManifest.xml:140:13-37
150            android:label="@string/title_activity_appmanager"
150-->src/main/AndroidManifest.xml:138:13-62
151            android:launchMode="singleTop"
151-->src/main/AndroidManifest.xml:139:13-43
152            android:parentActivityName="nodomain.freeyourgadget.gadgetbridge.activities.ControlCenterv2" />
152-->src/main/AndroidManifest.xml:141:13-69
153        <activity
153-->src/main/AndroidManifest.xml:142:9-146:73
154            android:name="nodomain.freeyourgadget.gadgetbridge.activities.AppBlacklistActivity"
154-->src/main/AndroidManifest.xml:143:13-60
155            android:exported="false"
155-->src/main/AndroidManifest.xml:145:13-37
156            android:label="@string/title_activity_appblacklist"
156-->src/main/AndroidManifest.xml:144:13-64
157            android:parentActivityName="nodomain.freeyourgadget.gadgetbridge.activities.SettingsActivity" />
157-->src/main/AndroidManifest.xml:146:13-70
158        <activity
158-->src/main/AndroidManifest.xml:147:9-151:73
159            android:name="nodomain.freeyourgadget.gadgetbridge.activities.CalBlacklistActivity"
159-->src/main/AndroidManifest.xml:148:13-60
160            android:exported="false"
160-->src/main/AndroidManifest.xml:150:13-37
161            android:label="@string/title_activity_calblacklist"
161-->src/main/AndroidManifest.xml:149:13-64
162            android:parentActivityName="nodomain.freeyourgadget.gadgetbridge.activities.SettingsActivity" />
162-->src/main/AndroidManifest.xml:151:13-70
163        <activity
163-->src/main/AndroidManifest.xml:152:9-374:20
164            android:name="nodomain.freeyourgadget.gadgetbridge.activities.FwAppInstallerActivity"
164-->src/main/AndroidManifest.xml:153:13-62
165            android:exported="true"
165-->src/main/AndroidManifest.xml:155:13-36
166            android:label="@string/title_activity_fw_app_insaller"
166-->src/main/AndroidManifest.xml:154:13-67
167            android:parentActivityName="nodomain.freeyourgadget.gadgetbridge.activities.ControlCenterv2" >
167-->src/main/AndroidManifest.xml:156:13-69
168            <intent-filter>
168-->src/main/AndroidManifest.xml:157:13-250:29
169                <action android:name="android.intent.action.VIEW" />
169-->src/main/AndroidManifest.xml:158:17-69
169-->src/main/AndroidManifest.xml:158:25-66
170
171                <category android:name="android.intent.category.DEFAULT" />
171-->src/main/AndroidManifest.xml:103:17-76
171-->src/main/AndroidManifest.xml:103:27-73
172
173                <data android:mimeType="*/*" />
173-->src/main/AndroidManifest.xml:162:17-48
173-->src/main/AndroidManifest.xml:162:23-45
174                <!-- needed for aosp-derived ROMs? -->
175
176                <data android:host="*" />
176-->src/main/AndroidManifest.xml:162:17-48
176-->src/main/AndroidManifest.xml:165:23-39
177                <data android:scheme="file" />
177-->src/main/AndroidManifest.xml:162:17-48
177-->src/main/AndroidManifest.xml:166:23-44
178
179                <!-- as seen on openkeychain repo: https://github.com/open-keychain/open-keychain/blob/master/OpenKeychain/src/main/AndroidManifest.xml -->
180
181                <data android:pathPattern="/.*\\.fw" />
181-->src/main/AndroidManifest.xml:162:17-48
181-->src/main/AndroidManifest.xml:170:23-53
182                <data android:pathPattern="/.*\\..*\\.fw" />
182-->src/main/AndroidManifest.xml:162:17-48
182-->src/main/AndroidManifest.xml:170:23-53
183                <data android:pathPattern="/.*\\..*\\..*\\.fw" />
183-->src/main/AndroidManifest.xml:162:17-48
183-->src/main/AndroidManifest.xml:170:23-53
184                <data android:pathPattern="/.*\\..*\\..*\\..*\\.fw" />
184-->src/main/AndroidManifest.xml:162:17-48
184-->src/main/AndroidManifest.xml:170:23-53
185                <data android:pathPattern="/.*\\..*\\..*\\..*\\..*\\.fw" />
185-->src/main/AndroidManifest.xml:162:17-48
185-->src/main/AndroidManifest.xml:170:23-53
186                <data android:pathPattern="/.*\\..*\\..*\\..*\\..*\\..*\\.fw" />
186-->src/main/AndroidManifest.xml:162:17-48
186-->src/main/AndroidManifest.xml:170:23-53
187                <data android:pathPattern="/.*\\..*\\..*\\..*\\..*\\..*\\..*\\.fw" />
187-->src/main/AndroidManifest.xml:162:17-48
187-->src/main/AndroidManifest.xml:170:23-53
188                <data android:pathPattern="/.*\\..*\\..*\\..*\\..*\\..*\\..*\\..*\\.fw" />
188-->src/main/AndroidManifest.xml:162:17-48
188-->src/main/AndroidManifest.xml:170:23-53
189                <data android:pathPattern="/.*\\..*\\..*\\..*\\..*\\..*\\..*\\..*\\..*\\.fw" />
189-->src/main/AndroidManifest.xml:162:17-48
189-->src/main/AndroidManifest.xml:170:23-53
190                <data android:pathPattern="/.*\\..*\\..*\\..*\\..*\\..*\\..*\\..*\\..*\\..*\\.fw" />
190-->src/main/AndroidManifest.xml:162:17-48
190-->src/main/AndroidManifest.xml:170:23-53
191                <data android:pathPattern="/.*\\.ft.en" />
191-->src/main/AndroidManifest.xml:162:17-48
191-->src/main/AndroidManifest.xml:170:23-53
192                <data android:pathPattern="/.*\\..*\\.ft.en" />
192-->src/main/AndroidManifest.xml:162:17-48
192-->src/main/AndroidManifest.xml:170:23-53
193                <data android:pathPattern="/.*\\..*\\..*\\.ft.en" />
193-->src/main/AndroidManifest.xml:162:17-48
193-->src/main/AndroidManifest.xml:170:23-53
194                <data android:pathPattern="/.*\\..*\\..*\\..*\\.ft.en" />
194-->src/main/AndroidManifest.xml:162:17-48
194-->src/main/AndroidManifest.xml:170:23-53
195                <data android:pathPattern="/.*\\..*\\..*\\..*\\..*\\.ft.en" />
195-->src/main/AndroidManifest.xml:162:17-48
195-->src/main/AndroidManifest.xml:170:23-53
196                <data android:pathPattern="/.*\\..*\\..*\\..*\\..*\\..*\\.ft.en" />
196-->src/main/AndroidManifest.xml:162:17-48
196-->src/main/AndroidManifest.xml:170:23-53
197                <data android:pathPattern="/.*\\..*\\..*\\..*\\..*\\..*\\..*\\.ft.en" />
197-->src/main/AndroidManifest.xml:162:17-48
197-->src/main/AndroidManifest.xml:170:23-53
198                <data android:pathPattern="/.*\\..*\\..*\\..*\\..*\\..*\\..*\\..*\\.ft.en" />
198-->src/main/AndroidManifest.xml:162:17-48
198-->src/main/AndroidManifest.xml:170:23-53
199                <data android:pathPattern="/.*\\..*\\..*\\..*\\..*\\..*\\..*\\..*\\..*\\.ft.en" />
199-->src/main/AndroidManifest.xml:162:17-48
199-->src/main/AndroidManifest.xml:170:23-53
200                <data android:pathPattern="/.*\\..*\\..*\\..*\\..*\\..*\\..*\\..*\\..*\\..*\\.ft.en" />
200-->src/main/AndroidManifest.xml:162:17-48
200-->src/main/AndroidManifest.xml:170:23-53
201                <data android:pathPattern="/.*\\.ft" />
201-->src/main/AndroidManifest.xml:162:17-48
201-->src/main/AndroidManifest.xml:170:23-53
202                <data android:pathPattern="/.*\\..*\\.ft" />
202-->src/main/AndroidManifest.xml:162:17-48
202-->src/main/AndroidManifest.xml:170:23-53
203                <data android:pathPattern="/.*\\..*\\..*\\.ft" />
203-->src/main/AndroidManifest.xml:162:17-48
203-->src/main/AndroidManifest.xml:170:23-53
204                <data android:pathPattern="/.*\\..*\\..*\\..*\\.ft" />
204-->src/main/AndroidManifest.xml:162:17-48
204-->src/main/AndroidManifest.xml:170:23-53
205                <data android:pathPattern="/.*\\..*\\..*\\..*\\..*\\.ft" />
205-->src/main/AndroidManifest.xml:162:17-48
205-->src/main/AndroidManifest.xml:170:23-53
206                <data android:pathPattern="/.*\\..*\\..*\\..*\\..*\\..*\\.ft" />
206-->src/main/AndroidManifest.xml:162:17-48
206-->src/main/AndroidManifest.xml:170:23-53
207                <data android:pathPattern="/.*\\..*\\..*\\..*\\..*\\..*\\..*\\.ft" />
207-->src/main/AndroidManifest.xml:162:17-48
207-->src/main/AndroidManifest.xml:170:23-53
208                <data android:pathPattern="/.*\\..*\\..*\\..*\\..*\\..*\\..*\\..*\\.ft" />
208-->src/main/AndroidManifest.xml:162:17-48
208-->src/main/AndroidManifest.xml:170:23-53
209                <data android:pathPattern="/.*\\..*\\..*\\..*\\..*\\..*\\..*\\..*\\..*\\.ft" />
209-->src/main/AndroidManifest.xml:162:17-48
209-->src/main/AndroidManifest.xml:170:23-53
210                <data android:pathPattern="/.*\\..*\\..*\\..*\\..*\\..*\\..*\\..*\\..*\\..*\\.ft" />
210-->src/main/AndroidManifest.xml:162:17-48
210-->src/main/AndroidManifest.xml:170:23-53
211                <data android:pathPattern="/.*\\.res" />
211-->src/main/AndroidManifest.xml:162:17-48
211-->src/main/AndroidManifest.xml:170:23-53
212                <data android:pathPattern="/.*\\..*\\.res" />
212-->src/main/AndroidManifest.xml:162:17-48
212-->src/main/AndroidManifest.xml:170:23-53
213                <data android:pathPattern="/.*\\..*\\..*\\.res" />
213-->src/main/AndroidManifest.xml:162:17-48
213-->src/main/AndroidManifest.xml:170:23-53
214                <data android:pathPattern="/.*\\..*\\..*\\..*\\.res" />
214-->src/main/AndroidManifest.xml:162:17-48
214-->src/main/AndroidManifest.xml:170:23-53
215                <data android:pathPattern="/.*\\..*\\..*\\..*\\..*\\.res" />
215-->src/main/AndroidManifest.xml:162:17-48
215-->src/main/AndroidManifest.xml:170:23-53
216                <data android:pathPattern="/.*\\..*\\..*\\..*\\..*\\..*\\.res" />
216-->src/main/AndroidManifest.xml:162:17-48
216-->src/main/AndroidManifest.xml:170:23-53
217                <data android:pathPattern="/.*\\..*\\..*\\..*\\..*\\..*\\..*\\.res" />
217-->src/main/AndroidManifest.xml:162:17-48
217-->src/main/AndroidManifest.xml:170:23-53
218                <data android:pathPattern="/.*\\..*\\..*\\..*\\..*\\..*\\..*\\..*\\.res" />
218-->src/main/AndroidManifest.xml:162:17-48
218-->src/main/AndroidManifest.xml:170:23-53
219                <data android:pathPattern="/.*\\..*\\..*\\..*\\..*\\..*\\..*\\..*\\..*\\.res" />
219-->src/main/AndroidManifest.xml:162:17-48
219-->src/main/AndroidManifest.xml:170:23-53
220                <data android:pathPattern="/.*\\..*\\..*\\..*\\..*\\..*\\..*\\..*\\..*\\..*\\.res" />
220-->src/main/AndroidManifest.xml:162:17-48
220-->src/main/AndroidManifest.xml:170:23-53
221                <data android:pathPattern="/.*\\.gps" />
221-->src/main/AndroidManifest.xml:162:17-48
221-->src/main/AndroidManifest.xml:170:23-53
222                <data android:pathPattern="/.*\\..*\\.gps" />
222-->src/main/AndroidManifest.xml:162:17-48
222-->src/main/AndroidManifest.xml:170:23-53
223                <data android:pathPattern="/.*\\..*\\..*\\.gps" />
223-->src/main/AndroidManifest.xml:162:17-48
223-->src/main/AndroidManifest.xml:170:23-53
224                <data android:pathPattern="/.*\\..*\\..*\\..*\\.gps" />
224-->src/main/AndroidManifest.xml:162:17-48
224-->src/main/AndroidManifest.xml:170:23-53
225                <data android:pathPattern="/.*\\..*\\..*\\..*\\..*\\.gps" />
225-->src/main/AndroidManifest.xml:162:17-48
225-->src/main/AndroidManifest.xml:170:23-53
226                <data android:pathPattern="/.*\\..*\\..*\\..*\\..*\\..*\\.gps" />
226-->src/main/AndroidManifest.xml:162:17-48
226-->src/main/AndroidManifest.xml:170:23-53
227                <data android:pathPattern="/.*\\..*\\..*\\..*\\..*\\..*\\..*\\.gps" />
227-->src/main/AndroidManifest.xml:162:17-48
227-->src/main/AndroidManifest.xml:170:23-53
228                <data android:pathPattern="/.*\\..*\\..*\\..*\\..*\\..*\\..*\\..*\\.gps" />
228-->src/main/AndroidManifest.xml:162:17-48
228-->src/main/AndroidManifest.xml:170:23-53
229                <data android:pathPattern="/.*\\..*\\..*\\..*\\..*\\..*\\..*\\..*\\..*\\.gps" />
229-->src/main/AndroidManifest.xml:162:17-48
229-->src/main/AndroidManifest.xml:170:23-53
230                <data android:pathPattern="/.*\\..*\\..*\\..*\\..*\\..*\\..*\\..*\\..*\\..*\\.gps" />
230-->src/main/AndroidManifest.xml:162:17-48
230-->src/main/AndroidManifest.xml:170:23-53
231                <data android:pathPattern="/.*\\.pbw" />
231-->src/main/AndroidManifest.xml:162:17-48
231-->src/main/AndroidManifest.xml:170:23-53
232                <data android:pathPattern="/.*\\..*\\.pbw" />
232-->src/main/AndroidManifest.xml:162:17-48
232-->src/main/AndroidManifest.xml:170:23-53
233                <data android:pathPattern="/.*\\..*\\..*\\.pbw" />
233-->src/main/AndroidManifest.xml:162:17-48
233-->src/main/AndroidManifest.xml:170:23-53
234                <data android:pathPattern="/.*\\..*\\..*\\..*\\.pbw" />
234-->src/main/AndroidManifest.xml:162:17-48
234-->src/main/AndroidManifest.xml:170:23-53
235                <data android:pathPattern="/.*\\..*\\..*\\..*\\..*\\.pbw" />
235-->src/main/AndroidManifest.xml:162:17-48
235-->src/main/AndroidManifest.xml:170:23-53
236                <data android:pathPattern="/.*\\..*\\..*\\..*\\..*\\..*\\.pbw" />
236-->src/main/AndroidManifest.xml:162:17-48
236-->src/main/AndroidManifest.xml:170:23-53
237                <data android:pathPattern="/.*\\..*\\..*\\..*\\..*\\..*\\..*\\.pbw" />
237-->src/main/AndroidManifest.xml:162:17-48
237-->src/main/AndroidManifest.xml:170:23-53
238                <data android:pathPattern="/.*\\..*\\..*\\..*\\..*\\..*\\..*\\..*\\.pbw" />
238-->src/main/AndroidManifest.xml:162:17-48
238-->src/main/AndroidManifest.xml:170:23-53
239                <data android:pathPattern="/.*\\..*\\..*\\..*\\..*\\..*\\..*\\..*\\..*\\.pbw" />
239-->src/main/AndroidManifest.xml:162:17-48
239-->src/main/AndroidManifest.xml:170:23-53
240                <data android:pathPattern="/.*\\..*\\..*\\..*\\..*\\..*\\..*\\..*\\..*\\..*\\.pbw" />
240-->src/main/AndroidManifest.xml:162:17-48
240-->src/main/AndroidManifest.xml:170:23-53
241                <data android:pathPattern="/.*\\.pbz" />
241-->src/main/AndroidManifest.xml:162:17-48
241-->src/main/AndroidManifest.xml:170:23-53
242                <data android:pathPattern="/.*\\..*\\.pbz" />
242-->src/main/AndroidManifest.xml:162:17-48
242-->src/main/AndroidManifest.xml:170:23-53
243                <data android:pathPattern="/.*\\..*\\..*\\.pbz" />
243-->src/main/AndroidManifest.xml:162:17-48
243-->src/main/AndroidManifest.xml:170:23-53
244                <data android:pathPattern="/.*\\..*\\..*\\..*\\.pbz" />
244-->src/main/AndroidManifest.xml:162:17-48
244-->src/main/AndroidManifest.xml:170:23-53
245                <data android:pathPattern="/.*\\..*\\..*\\..*\\..*\\.pbz" />
245-->src/main/AndroidManifest.xml:162:17-48
245-->src/main/AndroidManifest.xml:170:23-53
246                <data android:pathPattern="/.*\\..*\\..*\\..*\\..*\\..*\\.pbz" />
246-->src/main/AndroidManifest.xml:162:17-48
246-->src/main/AndroidManifest.xml:170:23-53
247                <data android:pathPattern="/.*\\..*\\..*\\..*\\..*\\..*\\..*\\.pbz" />
247-->src/main/AndroidManifest.xml:162:17-48
247-->src/main/AndroidManifest.xml:170:23-53
248                <data android:pathPattern="/.*\\..*\\..*\\..*\\..*\\..*\\..*\\..*\\.pbz" />
248-->src/main/AndroidManifest.xml:162:17-48
248-->src/main/AndroidManifest.xml:170:23-53
249                <data android:pathPattern="/.*\\..*\\..*\\..*\\..*\\..*\\..*\\..*\\..*\\.pbz" />
249-->src/main/AndroidManifest.xml:162:17-48
249-->src/main/AndroidManifest.xml:170:23-53
250                <data android:pathPattern="/.*\\..*\\..*\\..*\\..*\\..*\\..*\\..*\\..*\\..*\\.pbz" />